1520585492791	geckodriver	INFO	geckodriver 0.19.1
1520585492807	geckodriver	INFO	Listening on 127.0.0.1:3387
1520585495857	mozrunner::runner	INFO	Running command: "C:\\Program Files\\Mozilla Firefox\\firefox.exe" "-marionette" "-profile" "C:\\Users\\Zhi\\AppData\\Local\\Temp\\rust_mozprofile.Rbo8Q5mRNnrK"
1520585496666	Marionette	INFO	Enabled via --marionette
1520585498099	Marionette	INFO	Listening on port 3397
1520585499004	Marionette	WARN	TLS certificate errors will be ignored for this session
1520585512941	geckodriver	INFO	geckodriver 0.19.1
1520585512956	geckodriver	INFO	Listening on 127.0.0.1:3458
1520585515997	mozrunner::runner	INFO	Running command: "C:\\Program Files\\Mozilla Firefox\\firefox.exe" "-marionette" "-profile" "C:\\Users\\Zhi\\AppData\\Local\\Temp\\rust_mozprofile.MHQhk5lMjE7N"
1520585516901	Marionette	INFO	Enabled via --marionette
1520585518316	Marionette	INFO	Listening on port 3466
1520585519145	Marionette	WARN	TLS certificate errors will be ignored for this session
1520586615740	geckodriver	INFO	geckodriver 0.19.1
1520586615754	geckodriver	INFO	Listening on 127.0.0.1:3769
1520586618817	mozrunner::runner	INFO	Running command: "C:\\Program Files\\Mozilla Firefox\\firefox.exe" "-marionette" "-profile" "C:\\Users\\Zhi\\AppData\\Local\\Temp\\rust_mozprofile.5gEJLsPaCuGE"
1520586619754	Marionette	INFO	Enabled via --marionette
1520586621192	Marionette	INFO	Listening on port 3778
1520586621956	Marionette	WARN	TLS certificate errors will be ignored for this session
1520586635926	geckodriver	INFO	geckodriver 0.19.1
1520586635940	geckodriver	INFO	Listening on 127.0.0.1:3843
1520586638990	mozrunner::runner	INFO	Running command: "C:\\Program Files\\Mozilla Firefox\\firefox.exe" "-marionette" "-profile" "C:\\Users\\Zhi\\AppData\\Local\\Temp\\rust_mozprofile.FuZhdn9CWU96"
1520586639907	Marionette	INFO	Enabled via --marionette
1520586641205	Marionette	INFO	Listening on port 3852
1520586642132	Marionette	WARN	TLS certificate errors will be ignored for this session
Unable to read VR Path Registry from C:\Users\Zhi\AppData\Local\openvr\openvrpaths.vrpath
[Parent 12732, Gecko_IOThread] WARNING: pipe error: 109: file z:/build/build/src/ipc/chromium/src/chrome/common/ipc_channel_win.cc, line 346
Unable to read VR Path Registry from C:\Users\Zhi\AppData\Local\openvr\openvrpaths.vrpath
[Child 1140, Chrome_ChildThread] WARNING: pipe error: 109: file z:/build/build/src/ipc/chromium/src/chrome/common/ipc_channel_win.cc, line 346
[Child 1140, Chrome_ChildThread] WARNING: pipe error: 109: file z:/build/build/src/ipc/chromium/src/chrome/common/ipc_channel_win.cc, line 346
1520586655866	geckodriver	INFO	geckodriver 0.19.1
1520586655879	geckodriver	INFO	Listening on 127.0.0.1:3910
1520586658927	mozrunner::runner	INFO	Running command: "C:\\Program Files\\Mozilla Firefox\\firefox.exe" "-marionette" "-profile" "C:\\Users\\Zhi\\AppData\\Local\\Temp\\rust_mozprofile.8zoxgVTF3wUw"
1520586659842	Marionette	INFO	Enabled via --marionette
1520586661106	Marionette	INFO	Listening on port 3919
1520586662078	Marionette	WARN	TLS certificate errors will be ignored for this session
1520586868354	geckodriver	INFO	geckodriver 0.19.1
1520586868370	geckodriver	INFO	Listening on 127.0.0.1:4017
1520586871422	mozrunner::runner	INFO	Running command: "C:\\Program Files\\Mozilla Firefox\\firefox.exe" "-marionette" "-profile" "C:\\Users\\Zhi\\AppData\\Local\\Temp\\rust_mozprofile.4PkGaNXHBWc7"
1520586872343	Marionette	INFO	Enabled via --marionette
1520586873605	Marionette	INFO	Listening on port 4025
1520586874564	Marionette	WARN	TLS certificate errors will be ignored for this session
1520586888378	geckodriver	INFO	geckodriver 0.19.1
1520586888392	geckodriver	INFO	Listening on 127.0.0.1:4085
1520586891432	mozrunner::runner	INFO	Running command: "C:\\Program Files\\Mozilla Firefox\\firefox.exe" "-marionette" "-profile" "C:\\Users\\Zhi\\AppData\\Local\\Temp\\rust_mozprofile.4zaTLxOPi2E2"
1520586892323	Marionette	INFO	Enabled via --marionette
1520586893605	Marionette	INFO	Listening on port 4093
1520586894596	Marionette	WARN	TLS certificate errors will be ignored for this session
1520586908327	geckodriver	INFO	geckodriver 0.19.1
1520586908341	geckodriver	INFO	Listening on 127.0.0.1:4151
1520586911375	mozrunner::runner	INFO	Running command: "C:\\Program Files\\Mozilla Firefox\\firefox.exe" "-marionette" "-profile" "C:\\Users\\Zhi\\AppData\\Local\\Temp\\rust_mozprofile.ssPERwZ50R3x"
1520586912278	Marionette	INFO	Enabled via --marionette
1520586913540	Marionette	INFO	Listening on port 4159
1520586914520	Marionette	WARN	TLS certificate errors will be ignored for this session
1520587051677	geckodriver	INFO	geckodriver 0.19.1
1520587051691	geckodriver	INFO	Listening on 127.0.0.1:4220
1520587054756	mozrunner::runner	INFO	Running command: "C:\\Program Files\\Mozilla Firefox\\firefox.exe" "-marionette" "-profile" "C:\\Users\\Zhi\\AppData\\Local\\Temp\\rust_mozprofile.sfzl1NUCfaC8"
1520587055703	Marionette	INFO	Enabled via --marionette
1520587056979	Marionette	INFO	Listening on port 4228
1520587057900	Marionette	WARN	TLS certificate errors will be ignored for this session
Unable to read VR Path Registry from C:\Users\Zhi\AppData\Local\openvr\openvrpaths.vrpath
[Child 13228, Chrome_ChildThread] WARNING: pipe error: 109: file z:/build/build/src/ipc/chromium/src/chrome/common/ipc_channel_win.cc, line 346
[Child 13228, Chrome_ChildThread] WARNING: pipe error: 109: file z:/build/build/src/ipc/chromium/src/chrome/common/ipc_channel_win.cc, line 346
1520587071610	geckodriver	INFO	geckodriver 0.19.1
1520587071624	geckodriver	INFO	Listening on 127.0.0.1:4293
1520587074655	mozrunner::runner	INFO	Running command: "C:\\Program Files\\Mozilla Firefox\\firefox.exe" "-marionette" "-profile" "C:\\Users\\Zhi\\AppData\\Local\\Temp\\rust_mozprofile.i3sO50wuPqEu"
1520587075546	Marionette	INFO	Enabled via --marionette
1520587076817	Marionette	INFO	Listening on port 4301
1520587077799	Marionette	WARN	TLS certificate errors will be ignored for this session
Unable to read VR Path Registry from C:\Users\Zhi\AppData\Local\openvr\openvrpaths.vrpath
[Parent 12732, Gecko_IOThread] WARNING: pipe error: 109: file z:/build/build/src/ipc/chromium/src/chrome/common/ipc_channel_win.cc, line 346
Unable to read VR Path Registry from C:\Users\Zhi\AppData\Local\openvr\openvrpaths.vrpath
[Child 13148, Chrome_ChildThread] WARNING: pipe error: 109: file z:/build/build/src/ipc/chromium/src/chrome/common/ipc_channel_win.cc, line 346
[Child 13148, Chrome_ChildThread] WARNING: pipe error: 109: file z:/build/build/src/ipc/chromium/src/chrome/common/ipc_channel_win.cc, line 346
1520587091523	geckodriver	INFO	geckodriver 0.19.1
1520587091536	geckodriver	INFO	Listening on 127.0.0.1:4361
1520587094595	mozrunner::runner	INFO	Running command: "C:\\Program Files\\Mozilla Firefox\\firefox.exe" "-marionette" "-profile" "C:\\Users\\Zhi\\AppData\\Local\\Temp\\rust_mozprofile.uMgFc4fHenHW"
1520587095496	Marionette	INFO	Enabled via --marionette
1520587097242	Marionette	INFO	Listening on port 4369
1520587097747	Marionette	WARN	TLS certificate errors will be ignored for this session
Unable to read VR Path Registry from C:\Users\Zhi\AppData\Local\openvr\openvrpaths.vrpath
[Child 13004, Chrome_ChildThread] WARNING: pipe error: 109: file z:/build/build/src/ipc/chromium/src/chrome/common/ipc_channel_win.cc, line 346
[Child 13004, Chrome_ChildThread] WARNING: pipe error: 109: file z:/build/build/src/ipc/chromium/src/chrome/common/ipc_channel_win.cc, line 346
1520587348945	geckodriver	INFO	geckodriver 0.19.1
1520587348959	geckodriver	INFO	Listening on 127.0.0.1:4438
1520587351994	mozrunner::runner	INFO	Running command: "C:\\Program Files\\Mozilla Firefox\\firefox.exe" "-marionette" "-profile" "C:\\Users\\Zhi\\AppData\\Local\\Temp\\rust_mozprofile.qyEqkkFQauVe"
1520587352923	Marionette	INFO	Enabled via --marionette
1520587354303	Marionette	INFO	Listening on port 4447
1520587355135	Marionette	WARN	TLS certificate errors will be ignored for this session
Marionette threw an error: [Exception... "Failure"  nsresult: "0x80004005 (NS_ERROR_FAILURE)"  location: "JS frame :: chrome://marionette/content/driver.js :: GeckoDriver.prototype.maximizeWindow/windowSizeChange/< :: line 3137"  data: no]
GeckoDriver.prototype.maximizeWindow/windowSizeChange/<@chrome://marionette/content/driver.js:3137:9
evalFn@chrome://marionette/content/sync.js:93:7

Unable to read VR Path Registry from C:\Users\Zhi\AppData\Local\openvr\openvrpaths.vrpath
[Child 13172, Chrome_ChildThread] WARNING: pipe error: 109: file z:/build/build/src/ipc/chromium/src/chrome/common/ipc_channel_win.cc, line 346
[Child 13172, Chrome_ChildThread] WARNING: pipe error: 109: file z:/build/build/src/ipc/chromium/src/chrome/common/ipc_channel_win.cc, line 346
1520587357615	geckodriver	INFO	geckodriver 0.19.1
1520587357628	geckodriver	INFO	Listening on 127.0.0.1:4480
1520587360645	mozrunner::runner	INFO	Running command: "C:\\Program Files\\Mozilla Firefox\\firefox.exe" "-marionette" "-profile" "C:\\Users\\Zhi\\AppData\\Local\\Temp\\rust_mozprofile.IvIPkGdF6z7g"
1520587361489	Marionette	INFO	Enabled via --marionette
1520587362798	Marionette	INFO	Listening on port 4493
1520587363796	Marionette	WARN	TLS certificate errors will be ignored for this session
Unable to read VR Path Registry from C:\Users\Zhi\AppData\Local\openvr\openvrpaths.vrpath
[Parent 10928, Gecko_IOThread] WARNING: pipe error: 109: file z:/build/build/src/ipc/chromium/src/chrome/common/ipc_channel_win.cc, line 346
Unable to read VR Path Registry from C:\Users\Zhi\AppData\Local\openvr\openvrpaths.vrpath
[Child 12088, Chrome_ChildThread] WARNING: pipe error: 109: file z:/build/build/src/ipc/chromium/src/chrome/common/ipc_channel_win.cc, line 346
[Child 12088, Chrome_ChildThread] WARNING: pipe error: 109: file z:/build/build/src/ipc/chromium/src/chrome/common/ipc_channel_win.cc, line 346
1520587365113	geckodriver	INFO	geckodriver 0.19.1
1520587365127	geckodriver	INFO	Listening on 127.0.0.1:4525
1520587368142	mozrunner::runner	INFO	Running command: "C:\\Program Files\\Mozilla Firefox\\firefox.exe" "-marionette" "-profile" "C:\\Users\\Zhi\\AppData\\Local\\Temp\\rust_mozprofile.OeYWlCPr7gtl"
1520587369062	Marionette	INFO	Enabled via --marionette
1520587370346	Marionette	INFO	Listening on port 4534
1520587371146	addons.xpi	WARN	Exception running bootstrap method shutdown on activity-stream@mozilla.org: [Exception... "Component returned failure code: 0x80004005 (NS_ERROR_FAILURE) [nsIObserverService.removeObserver]"  nsresult: "0x80004005 (NS_ERROR_FAILURE)"  location: "JS frame :: resource://activity-stream/lib/SnippetsFeed.jsm :: uninit :: line 125"  data: no] Stack trace: uninit()@resource://activity-stream/lib/SnippetsFeed.jsm:125 < onAction()@resource://activity-stream/lib/SnippetsFeed.jsm:141 < _middleware/</<()@resource://activity-stream/lib/Store.jsm:51 < Store/this[method]()@resource://activity-stream/lib/Store.jsm:30 < uninit()@resource://activity-stream/lib/Store.jsm:153 < uninit()@resource://activity-stream/lib/ActivityStream.jsm:278 < uninit()@resource://gre/modules/addons/XPIProvider.jsm -> jar:file:///C:/Program%20Files/Mozilla%20Firefox/browser/features/activity-stream@mozilla.org.xpi!/bootstrap.js:80 < shutdown()@resource://gre/modules/addons/XPIProvider.jsm -> jar:file:///C:/Program%20Files/Mozilla%20Firefox/browser/features/activity-stream@mozilla.org.xpi!/bootstrap.js:196 < callBootstrapMethod()@resource://gre/modules/addons/XPIProvider.jsm:4406 < observe()@resource://gre/modules/addons/XPIProvider.jsm:2270
Unable to read VR Path Registry from C:\Users\Zhi\AppData\Local\openvr\openvrpaths.vrpath
[Child 12560, Chrome_ChildThread] WARNING: pipe error: 109: file z:/build/build/src/ipc/chromium/src/chrome/common/ipc_channel_win.cc, line 346
[Child 12560, Chrome_ChildThread] WARNING: pipe error: 109: file z:/build/build/src/ipc/chromium/src/chrome/common/ipc_channel_win.cc, line 346
Unable to read VR Path Registry from C:\Users\Zhi\AppData\Local\openvr\openvrpaths.vrpath
[Child 12464, Chrome_ChildThread] WARNING: pipe error: 109: file z:/build/build/src/ipc/chromium/src/chrome/common/ipc_channel_win.cc, line 346
[Child 12464, Chrome_ChildThread] WARNING: pipe error: 109: file z:/build/build/src/ipc/chromium/src/chrome/common/ipc_channel_win.cc, line 346
*** UTM:SVC TimerManager:registerTimer called after profile-before-change notification. Ignoring timer registration for id: telemetry_modules_ping
Unable to read VR Path Registry from C:\Users\Zhi\AppData\Local\openvr\openvrpaths.vrpath
[GPU 13028, Chrome_ChildThread] WARNING: pipe error: 109: file z:/build/build/src/ipc/chromium/src/chrome/common/ipc_channel_win.cc, line 346

###!!! [Child][MessageChannel::SendAndWait] Error: Channel error: cannot send/recv

Unable to read VR Path Registry from C:\Users\Zhi\AppData\Local\openvr\openvrpaths.vrpath
1520587432382	geckodriver	INFO	geckodriver 0.19.1
1520587432395	geckodriver	INFO	Listening on 127.0.0.1:4559
1520587435448	mozrunner::runner	INFO	Running command: "C:\\Program Files\\Mozilla Firefox\\firefox.exe" "-marionette" "-profile" "C:\\Users\\Zhi\\AppData\\Local\\Temp\\rust_mozprofile.P2TMqEFqR8nu"
1520587436332	Marionette	INFO	Enabled via --marionette
1520587437665	Marionette	INFO	Listening on port 4567
1520587438604	Marionette	WARN	TLS certificate errors will be ignored for this session
Unable to read VR Path Registry from C:\Users\Zhi\AppData\Local\openvr\openvrpaths.vrpath
[Child 11428, Chrome_ChildThread] WARNING: pipe error: 109: file z:/build/build/src/ipc/chromium/src/chrome/common/ipc_channel_win.cc, line 346
1520587452995	geckodriver	INFO	geckodriver 0.19.1
1520587453011	geckodriver	INFO	Listening on 127.0.0.1:4729
1520587456061	mozrunner::runner	INFO	Running command: "C:\\Program Files\\Mozilla Firefox\\firefox.exe" "-marionette" "-profile" "C:\\Users\\Zhi\\AppData\\Local\\Temp\\rust_mozprofile.gCGTWdeCnVvn"
1520587457075	Marionette	INFO	Enabled via --marionette
1520587458488	Marionette	INFO	Listening on port 4775
1520587459195	Marionette	WARN	TLS certificate errors will be ignored for this session
Unable to read VR Path Registry from C:\Users\Zhi\AppData\Local\openvr\openvrpaths.vrpath
[Child 12472, Chrome_ChildThread] WARNING: pipe error: 109: file z:/build/build/src/ipc/chromium/src/chrome/common/ipc_channel_win.cc, line 346
1520587472858	geckodriver	INFO	geckodriver 0.19.1
1520587472932	geckodriver	INFO	Listening on 127.0.0.1:4912
1520587475904	mozrunner::runner	INFO	Running command: "C:\\Program Files\\Mozilla Firefox\\firefox.exe" "-marionette" "-profile" "C:\\Users\\Zhi\\AppData\\Local\\Temp\\rust_mozprofile.Wr1zvfEVKS01"
1520587476984	Marionette	INFO	Enabled via --marionette
1520587478402	Marionette	INFO	Listening on port 4957
1520587479038	Marionette	WARN	TLS certificate errors will be ignored for this session
Unable to read VR Path Registry from C:\Users\Zhi\AppData\Local\openvr\openvrpaths.vrpath
[Parent 13628, Gecko_IOThread] WARNING: pipe error: 109: file z:/build/build/src/ipc/chromium/src/chrome/common/ipc_channel_win.cc, line 346
1520587533732	geckodriver	INFO	geckodriver 0.19.1
1520587533747	geckodriver	INFO	Listening on 127.0.0.1:5126
1520587536777	mozrunner::runner	INFO	Running command: "C:\\Program Files\\Mozilla Firefox\\firefox.exe" "-marionette" "-profile" "C:\\Users\\Zhi\\AppData\\Local\\Temp\\rust_mozprofile.hVL6XDDP73Jk"
1520587537712	Marionette	INFO	Enabled via --marionette
1520587539069	Marionette	INFO	Listening on port 5134
1520587539916	Marionette	WARN	TLS certificate errors will be ignored for this session
Unable to read VR Path Registry from C:\Users\Zhi\AppData\Local\openvr\openvrpaths.vrpath
[Child 13852, Chrome_ChildThread] WARNING: pipe error: 109: file z:/build/build/src/ipc/chromium/src/chrome/common/ipc_channel_win.cc, line 346
1520587553637	geckodriver	INFO	geckodriver 0.19.1
1520587553652	geckodriver	INFO	Listening on 127.0.0.1:5196
1520587556680	mozrunner::runner	INFO	Running command: "C:\\Program Files\\Mozilla Firefox\\firefox.exe" "-marionette" "-profile" "C:\\Users\\Zhi\\AppData\\Local\\Temp\\rust_mozprofile.sD6jbiSGNElx"
1520587557606	Marionette	INFO	Enabled via --marionette
1520587559001	Marionette	INFO	Listening on port 5204
1520587559822	Marionette	WARN	TLS certificate errors will be ignored for this session
Unable to read VR Path Registry from C:\Users\Zhi\AppData\Local\openvr\openvrpaths.vrpath
[Parent 13392, Gecko_IOThread] WARNING: pipe error: 109: file z:/build/build/src/ipc/chromium/src/chrome/common/ipc_channel_win.cc, line 346
1520587573614	geckodriver	INFO	geckodriver 0.19.1
1520587573630	geckodriver	INFO	Listening on 127.0.0.1:5284
1520587576656	mozrunner::runner	INFO	Running command: "C:\\Program Files\\Mozilla Firefox\\firefox.exe" "-marionette" "-profile" "C:\\Users\\Zhi\\AppData\\Local\\Temp\\rust_mozprofile.LhZDa6iEeXKG"
1520587577626	Marionette	INFO	Enabled via --marionette
1520587579052	Marionette	INFO	Listening on port 5292
1520587579791	Marionette	WARN	TLS certificate errors will be ignored for this session
Unable to read VR Path Registry from C:\Users\Zhi\AppData\Local\openvr\openvrpaths.vrpath
[Parent 14028, Gecko_IOThread] WARNING: pipe error: 109: file z:/build/build/src/ipc/chromium/src/chrome/common/ipc_channel_win.cc, line 346
Unable to read VR Path Registry from C:\Users\Zhi\AppData\Local\openvr\openvrpaths.vrpath
[Child 12940, Chrome_ChildThread] WARNING: pipe error: 109: file z:/build/build/src/ipc/chromium/src/chrome/common/ipc_channel_win.cc, line 346
[Child 12940, Chrome_ChildThread] WARNING: pipe error: 109: file z:/build/build/src/ipc/chromium/src/chrome/common/ipc_channel_win.cc, line 346
1520588021854	geckodriver	INFO	geckodriver 0.19.1
1520588021868	geckodriver	INFO	Listening on 127.0.0.1:5400
1520588024903	mozrunner::runner	INFO	Running command: "C:\\Program Files\\Mozilla Firefox\\firefox.exe" "-marionette" "-profile" "C:\\Users\\Zhi\\AppData\\Local\\Temp\\rust_mozprofile.REuk3ZZfDVD5"
1520588025884	Marionette	INFO	Enabled via --marionette
1520588027271	Marionette	INFO	Listening on port 5408
1520588028040	Marionette	WARN	TLS certificate errors will be ignored for this session
Unable to read VR Path Registry from C:\Users\Zhi\AppData\Local\openvr\openvrpaths.vrpath
[Parent 3524, Gecko_IOThread] WARNING: pipe error: 109: file z:/build/build/src/ipc/chromium/src/chrome/common/ipc_channel_win.cc, line 346
Unable to read VR Path Registry from C:\Users\Zhi\AppData\Local\openvr\openvrpaths.vrpath
[Child 14328, Chrome_ChildThread] WARNING: pipe error: 109: file z:/build/build/src/ipc/chromium/src/chrome/common/ipc_channel_win.cc, line 346
1520588218090	geckodriver	INFO	geckodriver 0.19.1
1520588218104	geckodriver	INFO	Listening on 127.0.0.1:5501
1520588221157	mozrunner::runner	INFO	Running command: "C:\\Program Files\\Mozilla Firefox\\firefox.exe" "-marionette" "-profile" "C:\\Users\\Zhi\\AppData\\Local\\Temp\\rust_mozprofile.pOHCz0VOSOr2"
1520588222088	Marionette	INFO	Enabled via --marionette
1520588223400	Marionette	INFO	Listening on port 5509
1520588224291	Marionette	WARN	TLS certificate errors will be ignored for this session
1520588454696	geckodriver	INFO	geckodriver 0.19.1
1520588454710	geckodriver	INFO	Listening on 127.0.0.1:5771
1520588457778	mozrunner::runner	INFO	Running command: "C:\\Program Files\\Mozilla Firefox\\firefox.exe" "-marionette" "-profile" "C:\\Users\\Zhi\\AppData\\Local\\Temp\\rust_mozprofile.OjFPVHPGscLd"
1520588458745	Marionette	INFO	Enabled via --marionette
1520588460018	Marionette	INFO	Listening on port 5779
1520588460932	Marionette	WARN	TLS certificate errors will be ignored for this session
Unable to read VR Path Registry from C:\Users\Zhi\AppData\Local\openvr\openvrpaths.vrpath
[Child 14036, Chrome_ChildThread] WARNING: pipe error: 109: file z:/build/build/src/ipc/chromium/src/chrome/common/ipc_channel_win.cc, line 346
